<?xml version="1.0" encoding="UTF-8"?>
<!-- Generated by org.testng.reporters.JUnitXMLReporter -->
<testsuite ignored="0" hostname="L-357009218" failures="0" tests="3" name="Default test" time="0.121" errors="0" timestamp="2023-05-12T10:25:40 IST">
  <testcase classname="TestCaseWithinGroups.DemoOpenCartLogin" name="DemoOpenAdminLogin" time="0.024"/>
  <testcase classname="TestCaseWithinGroups.DemoOpenCartLogin" name="DemoOpenCartLogin" time="0.005"/>
  <testcase classname="TestCaseWithinGroups.DemoOpenCartLogin" name="DemoOpenEmployeeLogin" time="0.003"/>
</testsuite> <!-- Default test -->
