<?xml version="1.0" encoding="UTF-8"?>
<!-- Generated by org.testng.reporters.JUnitXMLReporter -->
<testsuite ignored="3" hostname="L-357009218" failures="0" tests="0" time="0.001" errors="0" timestamp="2023-05-12T10:26:58 IST">
  <testcase classname="TestCaseWithinGroups.DemoOpenCartLogin" name="DemoOpenAdminLogin" time="0.0">
    <ignored/>
  </testcase> <!-- DemoOpenAdminLogin -->
  <testcase classname="TestCaseWithinGroups.DemoOpenCartLogin" name="DemoOpenCartLogin" time="0.0">
    <ignored/>
  </testcase> <!-- DemoOpenCartLogin -->
  <testcase classname="TestCaseWithinGroups.DemoOpenCartLogin" name="DemoOpenEmployeeLogin" time="0.0">
    <ignored/>
  </testcase> <!-- DemoOpenEmployeeLogin -->
</testsuite>
