<?xml version="1.0" encoding="UTF-8"?>
<!-- Generated by org.testng.reporters.JUnitXMLReporter -->
<testsuite ignored="2" hostname="L-357009218" failures="0" tests="1" name="EasyCal Login" time="0.008" errors="0" timestamp="2023-05-12T10:26:58 IST">
  <testcase classname="TestCaseWithinGroups.OrangeHRMLogin" name="OrangeLogin" time="0.003"/>
  <testcase classname="TestCaseWithinGroups.OrangeHRMLogin" name="OrangeAdmin" time="0.0">
    <ignored/>
  </testcase> <!-- OrangeAdmin -->
  <testcase classname="TestCaseWithinGroups.OrangeHRMLogin" name="OrangeEmployeeLogin" time="0.0">
    <ignored/>
  </testcase> <!-- OrangeEmployeeLogin -->
</testsuite> <!-- EasyCal Login -->
