<?xml version="1.0" encoding="UTF-8"?>
<!-- Generated by org.testng.reporters.JUnitXMLReporter -->
<testsuite ignored="2" hostname="L-357009218" failures="0" tests="1" name="OrangeHRM Login" time="0.095" errors="0" timestamp="2023-05-12T10:26:58 IST">
  <testcase classname="TestCaseWithinGroups.EasyCallLogin" name="EasyCalculaAdminLogin" time="0.024"/>
  <testcase classname="TestCaseWithinGroups.EasyCallLogin" name="EasyCalculaLogin" time="0.0">
    <ignored/>
  </testcase> <!-- EasyCalculaLogin -->
  <testcase classname="TestCaseWithinGroups.EasyCallLogin" name="easyCalculationEmployeeLogin" time="0.0">
    <ignored/>
  </testcase> <!-- easyCalculationEmployeeLogin -->
</testsuite> <!-- OrangeHRM Login -->
